[INFO] 2025-03-31T08:03:29.004Z - createPost - Gönderi [object Object]
[INFO] 2025-03-31T08:03:53.904Z - listPosts - İstek alındı
[INFO] 2025-03-31T08:26:12.692Z - listPosts - İstek alındı
[INFO] 2025-03-31T08:28:41.588Z - listPosts - İstek alındı
[INFO] 2025-03-31T08:28:54.577Z - listComment - İstek alındı
[INFO] 2025-03-31T08:28:57.058Z - listComment - İstek alındı
[INFO] 2025-07-13T12:54:45.376Z - createCategory - Kategori ismi: Devops
[INFO] 2025-07-13T12:54:51.659Z - createCategory - Kategori ismi: Mobile
[INFO] 2025-07-13T12:54:54.892Z - createCategory - Kategori ismi: Frontend
[INFO] 2025-07-13T12:55:01.613Z - createCategory - Kategori ismi: UI/UX
[INFO] 2025-07-13T12:55:07.737Z - createCategory - Kategori ismi: Backend
[INFO] 2025-07-13T12:55:11.669Z - createCategory - Kategori ismi: FullStack
[INFO] 2025-07-13T12:55:16.456Z - createCategory - Kategori ismi: Optimization
[INFO] 2025-07-13T12:55:20.687Z - categoryList - İstek alındı
[INFO] 2025-07-13T12:55:25.156Z - categoryList - İstek alındı
[INFO] 2025-07-13T12:59:26.976Z - createUser - Oluşturulan kullanıcı [object Object]
[INFO] 2025-07-13T12:59:44.018Z - createPost - Gönderi [object Object]
[INFO] 2025-07-13T12:59:58.091Z - categoryList - İstek alındı
[INFO] 2025-07-13T13:00:02.983Z - createPost - Gönderi [object Object]
[INFO] 2025-07-13T13:00:29.545Z - createPost - Gönderi [object Object]
[INFO] 2025-07-13T13:00:40.586Z - listPosts - İstek alındı
[INFO] 2025-07-13T13:01:53.325Z - createComment - İstek alındı: [object Object]
[INFO] 2025-07-13T13:02:21.191Z - createComment - İstek alındı: [object Object]
[INFO] 2025-07-13T13:02:27.039Z - createComment - İstek alındı: [object Object]
[INFO] 2025-07-13T13:02:39.933Z - listPosts - İstek alındı
[INFO] 2025-07-13T13:02:54.180Z - createTag - Oluşturulan etiket [object Object]
[INFO] 2025-07-13T13:02:57.448Z - createTag - Oluşturulan etiket [object Object]
[INFO] 2025-07-13T13:03:01.281Z - createTag - Oluşturulan etiket [object Object]
[INFO] 2025-07-13T13:03:04.278Z - createTag - Oluşturulan etiket [object Object]
[INFO] 2025-07-13T13:03:09.718Z - createTag - Oluşturulan etiket [object Object]
[INFO] 2025-07-13T13:03:13.392Z - createTag - Oluşturulan etiket [object Object]
[INFO] 2025-07-13T13:03:19.238Z - createTag - Oluşturulan etiket [object Object]
[INFO] 2025-07-13T13:03:25.121Z - createPostTag - Gönderi Etiketi ismi: [object Object]
[INFO] 2025-07-13T13:03:33.815Z - createPostTag - Gönderi Etiketi ismi: [object Object]
[INFO] 2025-07-13T13:03:36.928Z - createPostTag - Gönderi Etiketi ismi: [object Object]
[INFO] 2025-07-13T13:03:39.624Z - createPostTag - Gönderi Etiketi ismi: [object Object]
[INFO] 2025-07-13T13:03:41.414Z - createPostTag - Gönderi Etiketi ismi: [object Object]
[INFO] 2025-07-13T13:03:43.900Z - createPostTag - Gönderi Etiketi ismi: [object Object]
[INFO] 2025-07-13T13:03:46.997Z - createPostTag - Gönderi Etiketi ismi: [object Object]
[INFO] 2025-07-13T13:03:52.436Z - createPostTag - Gönderi Etiketi ismi: [object Object]
